2017-07-03 09:02:45,067 [ClientConfig.LoadConfig] [1] [INFO ] Load Config file, cfgPath = C:\Users\tangcheng.xu\Desktop\QQDemo - new\bin\Debug/../config/
2017-07-03 09:02:45,077 [CommandParse.LoadCommand] [1] [INFO ] Load command file, filePath = C:\Users\tangcheng.xu\Desktop\QQDemo - new\bin\Debug/../config/
2017-07-03 09:02:45,078 [DataBusManager.Initialize] [1] [INFO ] Initialize, Version = 2016-02-26
2017-07-03 09:02:45,078 [ConnectThread.ThreadEntrance] [4] [INFO ] Start Connect Thread...
2017-07-03 09:02:45,079 [ConnectThread.Connect] [4] [INFO ] Connect to server, addr = 172.16.75.81 port = 4444
2017-07-03 09:02:45,079 [DataRelay.ThreadEntrance] [5] [INFO ] DataRelay Thread Start...
2017-07-03 09:02:45,079 [DataRelay.Connect] [5] [INFO ] Connect to server, addr = 140.207.123.177 port = 8080
2017-07-03 09:02:45,080 [ConnectThread.ThreadEntrance] [4] [INFO ] Connect Success!
2017-07-03 09:02:45,081 [MsgSendThread.ThreadEntrance] [6] [INFO ] Start Message Send Thread...
2017-07-03 09:02:45,082 [MsgReceiveThread.ThreadEntrance] [7] [INFO ] Start Message Receive Thread...
2017-07-03 09:02:45,082 [TimeOutThread.ThreadEntrance] [8] [INFO ] Start time out check Thread...
2017-07-03 09:02:45,083 [DataRelay.ThreadEntrance] [5] [INFO ] Connect qq server success!
2017-07-03 09:02:45,089 [MsgLoopThread.ThreadEntrance] [9] [INFO ] Start Message Loop Thread...
2017-07-03 09:02:45,089 [MsgLoopThread.ThreadEntrance] [12] [INFO ] Start Message Loop Thread...
2017-07-03 09:02:45,089 [MsgLoopThread.ThreadEntrance] [14] [INFO ] Start Message Loop Thread...
2017-07-03 09:02:45,089 [MsgLoopThread.ThreadEntrance] [11] [INFO ] Start Message Loop Thread...
2017-07-03 09:02:45,089 [MsgLoopThread.ThreadEntrance] [13] [INFO ] Start Message Loop Thread...
2017-07-03 09:02:45,089 [MsgLoopThread.ThreadEntrance] [10] [INFO ] Start Message Loop Thread...
2017-07-03 09:02:45,293 [ConnectThread.ThreadEntrance] [4] [INFO ] End Connect Thread...
2017-07-03 09:02:45,293 [HeartBeatThread.ThreadEntrance] [15] [INFO ] Start HeartBeat Thread...
2017-07-03 09:02:51,443 [DataBusManager.Close] [1] [INFO ] Close
2017-07-03 09:02:51,445 [MsgLoopThread.ThreadEntrance] [10] [INFO ] End Message Loop Thread...
2017-07-03 09:02:51,445 [MsgLoopThread.ThreadEntrance] [14] [INFO ] End Message Loop Thread...
2017-07-03 09:17:11,506 [ClientConfig.LoadConfig] [1] [INFO ] Load Config file, cfgPath = C:\Users\tangcheng.xu\Desktop\QQDemo - new\bin\Debug/../config/
2017-07-03 09:17:11,517 [CommandParse.LoadCommand] [1] [INFO ] Load command file, filePath = C:\Users\tangcheng.xu\Desktop\QQDemo - new\bin\Debug/../config/
2017-07-03 09:17:11,517 [DataBusManager.Initialize] [1] [INFO ] Initialize, Version = 2016-02-26
2017-07-03 09:17:11,518 [ConnectThread.ThreadEntrance] [4] [INFO ] Start Connect Thread...
2017-07-03 09:17:11,518 [DataRelay.ThreadEntrance] [5] [INFO ] DataRelay Thread Start...
2017-07-03 09:17:11,518 [ConnectThread.Connect] [4] [INFO ] Connect to server, addr = 172.16.75.81 port = 4444
2017-07-03 09:17:11,519 [DataRelay.Connect] [5] [INFO ] Connect to server, addr = 140.207.123.177 port = 8080
2017-07-03 09:17:11,519 [ConnectThread.ThreadEntrance] [4] [INFO ] Connect Success!
2017-07-03 09:17:11,520 [MsgSendThread.ThreadEntrance] [6] [INFO ] Start Message Send Thread...
2017-07-03 09:17:11,521 [TimeOutThread.ThreadEntrance] [8] [INFO ] Start time out check Thread...
2017-07-03 09:17:11,521 [MsgReceiveThread.ThreadEntrance] [7] [INFO ] Start Message Receive Thread...
2017-07-03 09:17:11,523 [DataRelay.ThreadEntrance] [5] [INFO ] Connect qq server success!
2017-07-03 09:17:11,530 [MsgLoopThread.ThreadEntrance] [9] [INFO ] Start Message Loop Thread...
2017-07-03 09:17:11,530 [MsgLoopThread.ThreadEntrance] [10] [INFO ] Start Message Loop Thread...
2017-07-03 09:17:11,530 [MsgLoopThread.ThreadEntrance] [12] [INFO ] Start Message Loop Thread...
2017-07-03 09:17:11,530 [MsgLoopThread.ThreadEntrance] [11] [INFO ] Start Message Loop Thread...
2017-07-03 09:17:11,530 [MsgLoopThread.ThreadEntrance] [13] [INFO ] Start Message Loop Thread...
2017-07-03 09:17:11,530 [MsgLoopThread.ThreadEntrance] [14] [INFO ] Start Message Loop Thread...
2017-07-03 09:17:11,734 [ConnectThread.ThreadEntrance] [4] [INFO ] End Connect Thread...
2017-07-03 09:17:11,734 [HeartBeatThread.ThreadEntrance] [15] [INFO ] Start HeartBeat Thread...
2017-07-03 09:19:08,772 [DataBusManager.Close] [1] [INFO ] Close
2017-07-03 09:19:08,772 [MsgReceiveThread.ThreadEntrance] [7] [INFO ] End Message Receive Thread...
2017-07-03 09:20:15,921 [ClientConfig.LoadConfig] [1] [INFO ] Load Config file, cfgPath = C:\Users\tangcheng.xu\Desktop\QQDemo - new\bin\QQDemo\Debug/../config/
2017-07-03 09:20:15,931 [CommandParse.LoadCommand] [1] [INFO ] Load command file, filePath = C:\Users\tangcheng.xu\Desktop\QQDemo - new\bin\QQDemo\Debug/../config/
2017-07-03 09:20:15,932 [DataBusManager.Initialize] [1] [INFO ] Initialize, Version = 2016-02-26
2017-07-03 09:20:15,933 [ConnectThread.ThreadEntrance] [4] [INFO ] Start Connect Thread...
2017-07-03 09:20:15,933 [DataRelay.ThreadEntrance] [5] [INFO ] DataRelay Thread Start...
2017-07-03 09:20:15,933 [ConnectThread.Connect] [4] [INFO ] Connect to server, addr = 172.16.75.81 port = 4444
2017-07-03 09:20:15,933 [DataRelay.Connect] [5] [INFO ] Connect to server, addr = 140.207.123.177 port = 8080
2017-07-03 09:20:15,934 [ConnectThread.ThreadEntrance] [4] [INFO ] Connect Success!
2017-07-03 09:20:15,935 [MsgSendThread.ThreadEntrance] [6] [INFO ] Start Message Send Thread...
2017-07-03 09:20:15,936 [MsgReceiveThread.ThreadEntrance] [7] [INFO ] Start Message Receive Thread...
2017-07-03 09:20:15,936 [TimeOutThread.ThreadEntrance] [8] [INFO ] Start time out check Thread...
2017-07-03 09:20:15,937 [DataRelay.ThreadEntrance] [5] [INFO ] Connect qq server success!
2017-07-03 09:20:15,941 [MsgLoopThread.ThreadEntrance] [9] [INFO ] Start Message Loop Thread...
2017-07-03 09:20:15,941 [MsgLoopThread.ThreadEntrance] [10] [INFO ] Start Message Loop Thread...
2017-07-03 09:20:15,941 [MsgLoopThread.ThreadEntrance] [13] [INFO ] Start Message Loop Thread...
2017-07-03 09:20:15,942 [MsgLoopThread.ThreadEntrance] [14] [INFO ] Start Message Loop Thread...
2017-07-03 09:20:15,942 [MsgLoopThread.ThreadEntrance] [11] [INFO ] Start Message Loop Thread...
2017-07-03 09:20:15,942 [MsgLoopThread.ThreadEntrance] [12] [INFO ] Start Message Loop Thread...
2017-07-03 09:20:16,145 [ConnectThread.ThreadEntrance] [4] [INFO ] End Connect Thread...
2017-07-03 09:20:16,145 [HeartBeatThread.ThreadEntrance] [15] [INFO ] Start HeartBeat Thread...
2017-07-03 09:20:19,094 [DataBusManager.Close] [1] [INFO ] Close
2017-07-03 09:20:19,094 [MsgReceiveThread.ThreadEntrance] [7] [INFO ] End Message Receive Thread...
2017-07-03 09:20:22,544 [ClientConfig.LoadConfig] [1] [INFO ] Load Config file, cfgPath = C:\Users\tangcheng.xu\Desktop\QQDemo - new\bin\QQDemo\Debug/../config/
2017-07-03 09:20:22,554 [CommandParse.LoadCommand] [1] [INFO ] Load command file, filePath = C:\Users\tangcheng.xu\Desktop\QQDemo - new\bin\QQDemo\Debug/../config/
2017-07-03 09:20:22,554 [DataBusManager.Initialize] [1] [INFO ] Initialize, Version = 2016-02-26
2017-07-03 09:20:22,555 [ConnectThread.ThreadEntrance] [4] [INFO ] Start Connect Thread...
2017-07-03 09:20:22,556 [DataRelay.ThreadEntrance] [5] [INFO ] DataRelay Thread Start...
2017-07-03 09:20:22,556 [ConnectThread.Connect] [4] [INFO ] Connect to server, addr = 172.16.75.81 port = 4444
2017-07-03 09:20:22,556 [DataRelay.Connect] [5] [INFO ] Connect to server, addr = 140.207.123.177 port = 8080
2017-07-03 09:20:22,556 [ConnectThread.ThreadEntrance] [4] [INFO ] Connect Success!
2017-07-03 09:20:22,557 [MsgSendThread.ThreadEntrance] [6] [INFO ] Start Message Send Thread...
2017-07-03 09:20:22,558 [TimeOutThread.ThreadEntrance] [8] [INFO ] Start time out check Thread...
2017-07-03 09:20:22,559 [MsgReceiveThread.ThreadEntrance] [7] [INFO ] Start Message Receive Thread...
2017-07-03 09:20:22,561 [DataRelay.ThreadEntrance] [5] [INFO ] Connect qq server success!
2017-07-03 09:20:22,566 [MsgLoopThread.ThreadEntrance] [9] [INFO ] Start Message Loop Thread...
2017-07-03 09:20:22,566 [MsgLoopThread.ThreadEntrance] [10] [INFO ] Start Message Loop Thread...
2017-07-03 09:20:22,566 [MsgLoopThread.ThreadEntrance] [12] [INFO ] Start Message Loop Thread...
2017-07-03 09:20:22,566 [MsgLoopThread.ThreadEntrance] [13] [INFO ] Start Message Loop Thread...
2017-07-03 09:20:22,567 [MsgLoopThread.ThreadEntrance] [11] [INFO ] Start Message Loop Thread...
2017-07-03 09:20:22,567 [MsgLoopThread.ThreadEntrance] [14] [INFO ] Start Message Loop Thread...
2017-07-03 09:20:22,770 [ConnectThread.ThreadEntrance] [4] [INFO ] End Connect Thread...
2017-07-03 09:20:22,770 [HeartBeatThread.ThreadEntrance] [15] [INFO ] Start HeartBeat Thread...
2017-07-03 09:21:07,335 [DataBusManager.Close] [1] [INFO ] Close
2017-07-03 09:21:07,335 [MsgReceiveThread.ThreadEntrance] [7] [INFO ] End Message Receive Thread...
2017-07-03 09:21:07,338 [MsgLoopThread.ThreadEntrance] [13] [INFO ] End Message Loop Thread...
