2017-06-30 14:42:03,408 [ClientConfig.LoadConfig] [1] [INFO ] Load Config file, cfgPath = C:\Users\tangcheng.xu\Desktop\QQDemo - new\bin\Debug/../config/
2017-06-30 14:42:03,419 [CommandParse.LoadCommand] [1] [INFO ] Load command file, filePath = C:\Users\tangcheng.xu\Desktop\QQDemo - new\bin\Debug/../config/
2017-06-30 14:42:03,419 [DataBusManager.Initialize] [1] [INFO ] Initialize, Version = 2016-02-26
2017-06-30 14:42:03,420 [ConnectThread.ThreadEntrance] [4] [INFO ] Start Connect Thread...
2017-06-30 14:42:03,420 [DataRelay.ThreadEntrance] [5] [INFO ] DataRelay Thread Start...
2017-06-30 14:42:03,420 [ConnectThread.Connect] [4] [INFO ] Connect to server, addr = 172.16.75.81 port = 4444
2017-06-30 14:42:03,421 [DataRelay.Connect] [5] [INFO ] Connect to server, addr = 140.207.123.177 port = 8080
2017-06-30 14:42:03,424 [ConnectThread.ThreadEntrance] [4] [INFO ] Connect Success!
2017-06-30 14:42:03,424 [DataRelay.ThreadEntrance] [5] [INFO ] Connect qq server success!
2017-06-30 14:42:03,425 [MsgSendThread.ThreadEntrance] [6] [INFO ] Start Message Send Thread...
2017-06-30 14:42:03,426 [MsgReceiveThread.ThreadEntrance] [7] [INFO ] Start Message Receive Thread...
2017-06-30 14:42:03,426 [TimeOutThread.ThreadEntrance] [8] [INFO ] Start time out check Thread...
2017-06-30 14:42:03,434 [MsgLoopThread.ThreadEntrance] [9] [INFO ] Start Message Loop Thread...
2017-06-30 14:42:03,434 [MsgLoopThread.ThreadEntrance] [11] [INFO ] Start Message Loop Thread...
2017-06-30 14:42:03,434 [MsgLoopThread.ThreadEntrance] [13] [INFO ] Start Message Loop Thread...
2017-06-30 14:42:03,435 [MsgLoopThread.ThreadEntrance] [10] [INFO ] Start Message Loop Thread...
2017-06-30 14:42:03,435 [MsgLoopThread.ThreadEntrance] [14] [INFO ] Start Message Loop Thread...
2017-06-30 14:42:03,435 [MsgLoopThread.ThreadEntrance] [12] [INFO ] Start Message Loop Thread...
2017-06-30 14:42:03,638 [ConnectThread.ThreadEntrance] [4] [INFO ] End Connect Thread...
2017-06-30 14:42:03,638 [HeartBeatThread.ThreadEntrance] [15] [INFO ] Start HeartBeat Thread...
2017-06-30 14:42:32,788 [SyncMessageArray.WaitForResponse] [1] [ERROR] Wait for response time out, serNum = 29
2017-06-30 14:42:32,788 [DataBus.SendMessage] [1] [ERROR] Send message failed!
2017-06-30 14:42:57,902 [SyncMessageArray.WaitForResponse] [1] [ERROR] Wait for response time out, serNum = 30
2017-06-30 14:42:57,902 [DataBus.SendMessage] [1] [ERROR] Send message failed!
2017-06-30 14:46:57,600 [SyncMessageArray.WaitForResponse] [1] [ERROR] Wait for response time out, serNum = 34
2017-06-30 14:46:57,600 [DataBus.SendMessage] [1] [ERROR] Send message failed!
2017-06-30 14:49:28,546 [DataBusManager.Close] [1] [INFO ] Close
2017-06-30 14:49:28,546 [MsgReceiveThread.ThreadEntrance] [7] [INFO ] End Message Receive Thread...
2017-06-30 14:49:28,548 [MsgLoopThread.ThreadEntrance] [10] [INFO ] End Message Loop Thread...
2017-06-30 14:57:31,672 [ClientConfig.LoadConfig] [9] [INFO ] Load Config file, cfgPath = C:\Users\tangcheng.xu\Desktop\QQDemo - new\bin\Debug/../config/
2017-06-30 14:57:31,681 [CommandParse.LoadCommand] [9] [INFO ] Load command file, filePath = C:\Users\tangcheng.xu\Desktop\QQDemo - new\bin\Debug/../config/
2017-06-30 14:57:31,682 [DataBusManager.Initialize] [9] [INFO ] Initialize, Version = 2016-02-26
2017-06-30 14:57:31,684 [ConnectThread.ThreadEntrance] [3] [INFO ] Start Connect Thread...
2017-06-30 14:57:31,686 [ConnectThread.Connect] [3] [INFO ] Connect to server, addr = 172.16.75.81 port = 4444
2017-06-30 14:57:31,686 [DataRelay.ThreadEntrance] [11] [INFO ] DataRelay Thread Start...
2017-06-30 14:57:31,686 [DataRelay.Connect] [11] [INFO ] Connect to server, addr = 140.207.123.177 port = 8080
2017-06-30 14:57:31,686 [ConnectThread.ThreadEntrance] [3] [INFO ] Connect Success!
2017-06-30 14:57:31,689 [MsgSendThread.ThreadEntrance] [12] [INFO ] Start Message Send Thread...
2017-06-30 14:57:31,690 [DataRelay.ThreadEntrance] [11] [INFO ] Connect qq server success!
2017-06-30 14:57:31,692 [MsgReceiveThread.ThreadEntrance] [13] [INFO ] Start Message Receive Thread...
2017-06-30 14:57:31,695 [TimeOutThread.ThreadEntrance] [14] [INFO ] Start time out check Thread...
2017-06-30 14:57:31,712 [MsgLoopThread.ThreadEntrance] [17] [INFO ] Start Message Loop Thread...
2017-06-30 14:57:31,712 [MsgLoopThread.ThreadEntrance] [16] [INFO ] Start Message Loop Thread...
2017-06-30 14:57:31,712 [MsgLoopThread.ThreadEntrance] [18] [INFO ] Start Message Loop Thread...
2017-06-30 14:57:31,712 [MsgLoopThread.ThreadEntrance] [15] [INFO ] Start Message Loop Thread...
2017-06-30 14:57:31,712 [MsgLoopThread.ThreadEntrance] [20] [INFO ] Start Message Loop Thread...
2017-06-30 14:57:31,712 [MsgLoopThread.ThreadEntrance] [19] [INFO ] Start Message Loop Thread...
2017-06-30 14:57:31,916 [ConnectThread.ThreadEntrance] [3] [INFO ] End Connect Thread...
2017-06-30 14:57:31,922 [HeartBeatThread.ThreadEntrance] [21] [INFO ] Start HeartBeat Thread...
2017-06-30 14:57:56,426 [DataBusManager.Close] [9] [INFO ] Close
2017-06-30 14:57:56,430 [MsgReceiveThread.ThreadEntrance] [13] [INFO ] End Message Receive Thread...
2017-06-30 14:58:00,950 [ClientConfig.LoadConfig] [10] [INFO ] Load Config file, cfgPath = C:\Users\tangcheng.xu\Desktop\QQDemo - new\bin\Debug/../config/
2017-06-30 14:58:00,960 [CommandParse.LoadCommand] [10] [INFO ] Load command file, filePath = C:\Users\tangcheng.xu\Desktop\QQDemo - new\bin\Debug/../config/
2017-06-30 14:58:00,960 [DataBusManager.Initialize] [10] [INFO ] Initialize, Version = 2016-02-26
2017-06-30 14:58:00,963 [ConnectThread.ThreadEntrance] [12] [INFO ] Start Connect Thread...
2017-06-30 14:58:00,964 [ConnectThread.Connect] [12] [INFO ] Connect to server, addr = 172.16.75.81 port = 4444
2017-06-30 14:58:00,965 [ConnectThread.ThreadEntrance] [12] [INFO ] Connect Success!
2017-06-30 14:58:00,965 [DataRelay.ThreadEntrance] [13] [INFO ] DataRelay Thread Start...
2017-06-30 14:58:00,966 [DataRelay.Connect] [13] [INFO ] Connect to server, addr = 140.207.123.177 port = 8080
2017-06-30 14:58:00,971 [DataRelay.ThreadEntrance] [13] [INFO ] Connect qq server success!
2017-06-30 14:58:00,971 [MsgSendThread.ThreadEntrance] [14] [INFO ] Start Message Send Thread...
2017-06-30 14:58:00,976 [TimeOutThread.ThreadEntrance] [16] [INFO ] Start time out check Thread...
2017-06-30 14:58:00,977 [MsgReceiveThread.ThreadEntrance] [15] [INFO ] Start Message Receive Thread...
2017-06-30 14:58:01,011 [MsgLoopThread.ThreadEntrance] [18] [INFO ] Start Message Loop Thread...
2017-06-30 14:58:01,011 [MsgLoopThread.ThreadEntrance] [19] [INFO ] Start Message Loop Thread...
2017-06-30 14:58:01,012 [MsgLoopThread.ThreadEntrance] [17] [INFO ] Start Message Loop Thread...
2017-06-30 14:58:01,012 [MsgLoopThread.ThreadEntrance] [20] [INFO ] Start Message Loop Thread...
2017-06-30 14:58:01,012 [MsgLoopThread.ThreadEntrance] [22] [INFO ] Start Message Loop Thread...
2017-06-30 14:58:01,012 [MsgLoopThread.ThreadEntrance] [21] [INFO ] Start Message Loop Thread...
2017-06-30 14:58:01,266 [ConnectThread.ThreadEntrance] [12] [INFO ] End Connect Thread...
2017-06-30 14:58:01,273 [HeartBeatThread.ThreadEntrance] [23] [INFO ] Start HeartBeat Thread...
2017-06-30 15:00:14,427 [SyncMessageArray.WaitForResponse] [10] [ERROR] Wait for response time out, serNum = 29
2017-06-30 15:00:14,427 [DataBus.SendMessage] [10] [ERROR] Send message failed!
2017-06-30 15:13:24,940 [ClientConfig.LoadConfig] [10] [INFO ] Load Config file, cfgPath = C:\Users\tangcheng.xu\Desktop\QQDemo - new\bin\Debug/../config/
2017-06-30 15:13:24,949 [CommandParse.LoadCommand] [10] [INFO ] Load command file, filePath = C:\Users\tangcheng.xu\Desktop\QQDemo - new\bin\Debug/../config/
2017-06-30 15:13:24,950 [DataBusManager.Initialize] [10] [INFO ] Initialize, Version = 2016-02-26
2017-06-30 15:13:24,953 [ConnectThread.ThreadEntrance] [12] [INFO ] Start Connect Thread...
2017-06-30 15:13:24,954 [ConnectThread.Connect] [12] [INFO ] Connect to server, addr = 172.16.75.81 port = 4444
2017-06-30 15:13:24,955 [ConnectThread.ThreadEntrance] [12] [INFO ] Connect Success!
2017-06-30 15:13:24,962 [DataRelay.ThreadEntrance] [13] [INFO ] DataRelay Thread Start...
2017-06-30 15:13:24,963 [DataRelay.Connect] [13] [INFO ] Connect to server, addr = 140.207.123.177 port = 8080
2017-06-30 15:13:24,965 [MsgSendThread.ThreadEntrance] [14] [INFO ] Start Message Send Thread...
2017-06-30 15:13:24,966 [DataRelay.ThreadEntrance] [13] [INFO ] Connect qq server success!
2017-06-30 15:13:24,977 [MsgReceiveThread.ThreadEntrance] [15] [INFO ] Start Message Receive Thread...
2017-06-30 15:13:24,997 [TimeOutThread.ThreadEntrance] [16] [INFO ] Start time out check Thread...
2017-06-30 15:13:25,034 [MsgLoopThread.ThreadEntrance] [18] [INFO ] Start Message Loop Thread...
2017-06-30 15:13:25,034 [MsgLoopThread.ThreadEntrance] [19] [INFO ] Start Message Loop Thread...
2017-06-30 15:13:25,034 [MsgLoopThread.ThreadEntrance] [17] [INFO ] Start Message Loop Thread...
2017-06-30 15:13:25,034 [MsgLoopThread.ThreadEntrance] [22] [INFO ] Start Message Loop Thread...
2017-06-30 15:13:25,034 [MsgLoopThread.ThreadEntrance] [20] [INFO ] Start Message Loop Thread...
2017-06-30 15:13:25,034 [MsgLoopThread.ThreadEntrance] [21] [INFO ] Start Message Loop Thread...
2017-06-30 15:13:25,238 [ConnectThread.ThreadEntrance] [12] [INFO ] End Connect Thread...
2017-06-30 15:13:25,242 [HeartBeatThread.ThreadEntrance] [23] [INFO ] Start HeartBeat Thread...
2017-06-30 15:19:32,177 [ClientConfig.LoadConfig] [1] [INFO ] Load Config file, cfgPath = C:\Users\tangcheng.xu\Desktop\QQDemo - new\bin\Debug/../config/
2017-06-30 15:19:32,187 [CommandParse.LoadCommand] [1] [INFO ] Load command file, filePath = C:\Users\tangcheng.xu\Desktop\QQDemo - new\bin\Debug/../config/
2017-06-30 15:19:32,188 [DataBusManager.Initialize] [1] [INFO ] Initialize, Version = 2016-02-26
2017-06-30 15:19:32,189 [ConnectThread.ThreadEntrance] [4] [INFO ] Start Connect Thread...
2017-06-30 15:19:32,189 [DataRelay.ThreadEntrance] [5] [INFO ] DataRelay Thread Start...
2017-06-30 15:19:32,189 [ConnectThread.Connect] [4] [INFO ] Connect to server, addr = 172.16.75.81 port = 4444
2017-06-30 15:19:32,189 [DataRelay.Connect] [5] [INFO ] Connect to server, addr = 140.207.123.177 port = 8080
2017-06-30 15:19:32,190 [ConnectThread.ThreadEntrance] [4] [INFO ] Connect Success!
2017-06-30 15:19:32,191 [MsgSendThread.ThreadEntrance] [6] [INFO ] Start Message Send Thread...
2017-06-30 15:19:32,193 [TimeOutThread.ThreadEntrance] [8] [INFO ] Start time out check Thread...
2017-06-30 15:19:32,193 [DataRelay.ThreadEntrance] [5] [INFO ] Connect qq server success!
2017-06-30 15:19:32,195 [MsgReceiveThread.ThreadEntrance] [7] [INFO ] Start Message Receive Thread...
2017-06-30 15:19:32,201 [MsgLoopThread.ThreadEntrance] [12] [INFO ] Start Message Loop Thread...
2017-06-30 15:19:32,201 [MsgLoopThread.ThreadEntrance] [11] [INFO ] Start Message Loop Thread...
2017-06-30 15:19:32,201 [MsgLoopThread.ThreadEntrance] [10] [INFO ] Start Message Loop Thread...
2017-06-30 15:19:32,201 [MsgLoopThread.ThreadEntrance] [9] [INFO ] Start Message Loop Thread...
2017-06-30 15:19:32,201 [MsgLoopThread.ThreadEntrance] [13] [INFO ] Start Message Loop Thread...
2017-06-30 15:19:32,202 [MsgLoopThread.ThreadEntrance] [14] [INFO ] Start Message Loop Thread...
2017-06-30 15:19:32,405 [ConnectThread.ThreadEntrance] [4] [INFO ] End Connect Thread...
2017-06-30 15:19:32,405 [HeartBeatThread.ThreadEntrance] [15] [INFO ] Start HeartBeat Thread...
2017-06-30 15:20:17,473 [SyncMessageArray.WaitForResponse] [1] [ERROR] Wait for response time out, serNum = 29
2017-06-30 15:20:17,474 [DataBus.SendMessage] [1] [ERROR] Send message failed!
2017-06-30 15:21:42,320 [DataBusManager.Close] [1] [INFO ] Close
2017-06-30 15:21:42,320 [MsgReceiveThread.ThreadEntrance] [7] [INFO ] End Message Receive Thread...
2017-06-30 15:21:42,322 [MsgLoopThread.ThreadEntrance] [14] [INFO ] End Message Loop Thread...
2017-06-30 17:20:31,583 [ClientConfig.LoadConfig] [1] [INFO ] Load Config file, cfgPath = C:\Users\tangcheng.xu\Desktop\QQDemo - new\bin\Debug/../config/
2017-06-30 17:20:31,594 [CommandParse.LoadCommand] [1] [INFO ] Load command file, filePath = C:\Users\tangcheng.xu\Desktop\QQDemo - new\bin\Debug/../config/
2017-06-30 17:20:31,594 [DataBusManager.Initialize] [1] [INFO ] Initialize, Version = 2016-02-26
2017-06-30 17:20:31,595 [ConnectThread.ThreadEntrance] [4] [INFO ] Start Connect Thread...
2017-06-30 17:20:31,595 [DataRelay.ThreadEntrance] [5] [INFO ] DataRelay Thread Start...
2017-06-30 17:20:31,595 [ConnectThread.Connect] [4] [INFO ] Connect to server, addr = 172.16.75.81 port = 4444
2017-06-30 17:20:31,596 [DataRelay.Connect] [5] [INFO ] Connect to server, addr = 140.207.123.177 port = 8080
2017-06-30 17:20:31,596 [ConnectThread.ThreadEntrance] [4] [INFO ] Connect Success!
2017-06-30 17:20:31,597 [MsgSendThread.ThreadEntrance] [6] [INFO ] Start Message Send Thread...
2017-06-30 17:20:31,598 [MsgReceiveThread.ThreadEntrance] [7] [INFO ] Start Message Receive Thread...
2017-06-30 17:20:31,598 [TimeOutThread.ThreadEntrance] [8] [INFO ] Start time out check Thread...
2017-06-30 17:20:31,599 [DataRelay.ThreadEntrance] [5] [INFO ] Connect qq server success!
2017-06-30 17:20:31,606 [MsgLoopThread.ThreadEntrance] [14] [INFO ] Start Message Loop Thread...
2017-06-30 17:20:31,606 [MsgLoopThread.ThreadEntrance] [10] [INFO ] Start Message Loop Thread...
2017-06-30 17:20:31,606 [MsgLoopThread.ThreadEntrance] [13] [INFO ] Start Message Loop Thread...
2017-06-30 17:20:31,606 [MsgLoopThread.ThreadEntrance] [11] [INFO ] Start Message Loop Thread...
2017-06-30 17:20:31,606 [MsgLoopThread.ThreadEntrance] [9] [INFO ] Start Message Loop Thread...
2017-06-30 17:20:31,606 [MsgLoopThread.ThreadEntrance] [12] [INFO ] Start Message Loop Thread...
2017-06-30 17:20:31,810 [ConnectThread.ThreadEntrance] [4] [INFO ] End Connect Thread...
2017-06-30 17:20:31,810 [HeartBeatThread.ThreadEntrance] [15] [INFO ] Start HeartBeat Thread...
2017-06-30 17:20:38,158 [DataBusManager.Close] [1] [INFO ] Close
2017-06-30 17:20:38,158 [MsgReceiveThread.ThreadEntrance] [7] [INFO ] End Message Receive Thread...
2017-06-30 17:20:38,159 [MsgLoopThread.ThreadEntrance] [11] [INFO ] End Message Loop Thread...
2017-06-30 17:23:37,463 [ClientConfig.LoadConfig] [1] [INFO ] Load Config file, cfgPath = C:\Users\tangcheng.xu\Desktop\QQDemo - new\bin\Debug/../config/
2017-06-30 17:23:37,474 [CommandParse.LoadCommand] [1] [INFO ] Load command file, filePath = C:\Users\tangcheng.xu\Desktop\QQDemo - new\bin\Debug/../config/
2017-06-30 17:23:37,474 [DataBusManager.Initialize] [1] [INFO ] Initialize, Version = 2016-02-26
2017-06-30 17:23:37,475 [ConnectThread.ThreadEntrance] [4] [INFO ] Start Connect Thread...
2017-06-30 17:23:37,475 [DataRelay.ThreadEntrance] [5] [INFO ] DataRelay Thread Start...
2017-06-30 17:23:37,475 [ConnectThread.Connect] [4] [INFO ] Connect to server, addr = 172.16.75.81 port = 4444
2017-06-30 17:23:37,476 [DataRelay.Connect] [5] [INFO ] Connect to server, addr = 140.207.123.177 port = 8080
2017-06-30 17:23:37,476 [ConnectThread.ThreadEntrance] [4] [INFO ] Connect Success!
2017-06-30 17:23:37,477 [MsgSendThread.ThreadEntrance] [6] [INFO ] Start Message Send Thread...
2017-06-30 17:23:37,477 [MsgReceiveThread.ThreadEntrance] [7] [INFO ] Start Message Receive Thread...
2017-06-30 17:23:37,478 [TimeOutThread.ThreadEntrance] [8] [INFO ] Start time out check Thread...
2017-06-30 17:23:37,478 [DataRelay.ThreadEntrance] [5] [INFO ] Connect qq server success!
2017-06-30 17:23:37,485 [MsgLoopThread.ThreadEntrance] [10] [INFO ] Start Message Loop Thread...
2017-06-30 17:23:37,485 [MsgLoopThread.ThreadEntrance] [9] [INFO ] Start Message Loop Thread...
2017-06-30 17:23:37,486 [MsgLoopThread.ThreadEntrance] [11] [INFO ] Start Message Loop Thread...
2017-06-30 17:23:37,486 [MsgLoopThread.ThreadEntrance] [12] [INFO ] Start Message Loop Thread...
2017-06-30 17:23:37,486 [MsgLoopThread.ThreadEntrance] [14] [INFO ] Start Message Loop Thread...
2017-06-30 17:23:37,486 [MsgLoopThread.ThreadEntrance] [13] [INFO ] Start Message Loop Thread...
2017-06-30 17:23:37,689 [ConnectThread.ThreadEntrance] [4] [INFO ] End Connect Thread...
2017-06-30 17:23:37,689 [HeartBeatThread.ThreadEntrance] [15] [INFO ] Start HeartBeat Thread...
2017-06-30 17:23:46,688 [DataBusManager.Close] [1] [INFO ] Close
2017-06-30 17:23:46,688 [MsgReceiveThread.ThreadEntrance] [7] [INFO ] End Message Receive Thread...
2017-06-30 18:03:01,145 [ClientConfig.LoadConfig] [9] [INFO ] Load Config file, cfgPath = C:\Users\tangcheng.xu\Desktop\QQDemo - new\bin\Debug/../config/
2017-06-30 18:03:01,154 [CommandParse.LoadCommand] [9] [INFO ] Load command file, filePath = C:\Users\tangcheng.xu\Desktop\QQDemo - new\bin\Debug/../config/
2017-06-30 18:03:01,154 [DataBusManager.Initialize] [9] [INFO ] Initialize, Version = 2016-02-26
2017-06-30 18:03:01,160 [ConnectThread.ThreadEntrance] [3] [INFO ] Start Connect Thread...
2017-06-30 18:03:01,160 [ConnectThread.Connect] [3] [INFO ] Connect to server, addr = 172.16.75.81 port = 4444
2017-06-30 18:03:01,161 [ConnectThread.ThreadEntrance] [3] [INFO ] Connect Success!
2017-06-30 18:03:05,613 [MsgSendThread.ThreadEntrance] [11] [INFO ] Start Message Send Thread...
2017-06-30 18:03:08,669 [MsgReceiveThread.ThreadEntrance] [12] [INFO ] Start Message Receive Thread...
2017-06-30 18:03:08,671 [DataRelay.ThreadEntrance] [13] [INFO ] DataRelay Thread Start...
2017-06-30 18:03:08,671 [DataRelay.Connect] [13] [INFO ] Connect to server, addr = 140.207.123.177 port = 8080
2017-06-30 18:03:10,087 [DataRelay.ThreadEntrance] [13] [INFO ] Connect qq server success!
2017-06-30 18:03:10,091 [TimeOutThread.ThreadEntrance] [14] [INFO ] Start time out check Thread...
2017-06-30 18:03:10,129 [MsgLoopThread.ThreadEntrance] [18] [INFO ] Start Message Loop Thread...
2017-06-30 18:03:10,129 [MsgLoopThread.ThreadEntrance] [19] [INFO ] Start Message Loop Thread...
2017-06-30 18:03:10,129 [MsgLoopThread.ThreadEntrance] [15] [INFO ] Start Message Loop Thread...
2017-06-30 18:03:10,129 [MsgLoopThread.ThreadEntrance] [20] [INFO ] Start Message Loop Thread...
2017-06-30 18:03:10,129 [MsgLoopThread.ThreadEntrance] [16] [INFO ] Start Message Loop Thread...
2017-06-30 18:03:10,129 [MsgLoopThread.ThreadEntrance] [17] [INFO ] Start Message Loop Thread...
2017-06-30 18:03:10,384 [ConnectThread.ThreadEntrance] [3] [INFO ] End Connect Thread...
2017-06-30 18:03:10,396 [HeartBeatThread.ThreadEntrance] [21] [INFO ] Start HeartBeat Thread...
2017-06-30 18:03:20,495 [DataBusManager.Close] [9] [INFO ] Close
2017-06-30 18:03:20,496 [TimeOutThread.ThreadEntrance] [14] [INFO ] End time out check Thread...
2017-06-30 18:03:20,496 [MsgSendThread.ThreadEntrance] [11] [INFO ] End Message Send Thread...
2017-06-30 18:03:20,504 [MsgReceiveThread.ThreadEntrance] [12] [INFO ] End Message Receive Thread...
2017-06-30 18:11:25,223 [ClientConfig.LoadConfig] [1] [INFO ] Load Config file, cfgPath = C:\Users\tangcheng.xu\Desktop\QQDemo - new\bin\Debug/../config/
2017-06-30 18:11:25,233 [CommandParse.LoadCommand] [1] [INFO ] Load command file, filePath = C:\Users\tangcheng.xu\Desktop\QQDemo - new\bin\Debug/../config/
2017-06-30 18:11:25,234 [DataBusManager.Initialize] [1] [INFO ] Initialize, Version = 2016-02-26
2017-06-30 18:11:25,235 [ConnectThread.ThreadEntrance] [4] [INFO ] Start Connect Thread...
2017-06-30 18:11:25,235 [DataRelay.ThreadEntrance] [5] [INFO ] DataRelay Thread Start...
2017-06-30 18:11:25,235 [ConnectThread.Connect] [4] [INFO ] Connect to server, addr = 172.16.75.81 port = 4444
2017-06-30 18:11:25,235 [DataRelay.Connect] [5] [INFO ] Connect to server, addr = 140.207.123.177 port = 8080
2017-06-30 18:11:25,236 [ConnectThread.ThreadEntrance] [4] [INFO ] Connect Success!
2017-06-30 18:11:25,237 [MsgSendThread.ThreadEntrance] [6] [INFO ] Start Message Send Thread...
2017-06-30 18:11:25,238 [MsgReceiveThread.ThreadEntrance] [7] [INFO ] Start Message Receive Thread...
2017-06-30 18:11:25,238 [TimeOutThread.ThreadEntrance] [8] [INFO ] Start time out check Thread...
2017-06-30 18:11:25,241 [DataRelay.ThreadEntrance] [5] [INFO ] Connect qq server success!
2017-06-30 18:11:25,244 [MsgLoopThread.ThreadEntrance] [9] [INFO ] Start Message Loop Thread...
2017-06-30 18:11:25,244 [MsgLoopThread.ThreadEntrance] [11] [INFO ] Start Message Loop Thread...
2017-06-30 18:11:25,244 [MsgLoopThread.ThreadEntrance] [13] [INFO ] Start Message Loop Thread...
2017-06-30 18:11:25,244 [MsgLoopThread.ThreadEntrance] [12] [INFO ] Start Message Loop Thread...
2017-06-30 18:11:25,244 [MsgLoopThread.ThreadEntrance] [14] [INFO ] Start Message Loop Thread...
2017-06-30 18:11:25,244 [MsgLoopThread.ThreadEntrance] [10] [INFO ] Start Message Loop Thread...
2017-06-30 18:11:25,448 [ConnectThread.ThreadEntrance] [4] [INFO ] End Connect Thread...
2017-06-30 18:11:25,449 [HeartBeatThread.ThreadEntrance] [15] [INFO ] Start HeartBeat Thread...
2017-06-30 18:11:28,346 [DataBusManager.Close] [1] [INFO ] Close
2017-06-30 18:11:28,347 [MsgReceiveThread.ThreadEntrance] [7] [INFO ] End Message Receive Thread...
2017-06-30 18:11:28,347 [MsgLoopThread.ThreadEntrance] [14] [INFO ] End Message Loop Thread...
2017-06-30 18:11:33,301 [ClientConfig.LoadConfig] [1] [INFO ] Load Config file, cfgPath = C:\Users\tangcheng.xu\Desktop\QQDemo - new\bin\Debug/../config/
2017-06-30 18:11:33,311 [CommandParse.LoadCommand] [1] [INFO ] Load command file, filePath = C:\Users\tangcheng.xu\Desktop\QQDemo - new\bin\Debug/../config/
2017-06-30 18:11:33,312 [DataBusManager.Initialize] [1] [INFO ] Initialize, Version = 2016-02-26
2017-06-30 18:11:33,313 [ConnectThread.ThreadEntrance] [4] [INFO ] Start Connect Thread...
2017-06-30 18:11:33,313 [DataRelay.ThreadEntrance] [5] [INFO ] DataRelay Thread Start...
2017-06-30 18:11:33,313 [ConnectThread.Connect] [4] [INFO ] Connect to server, addr = 172.16.75.81 port = 4444
2017-06-30 18:11:33,313 [DataRelay.Connect] [5] [INFO ] Connect to server, addr = 140.207.123.177 port = 8080
2017-06-30 18:11:33,314 [ConnectThread.ThreadEntrance] [4] [INFO ] Connect Success!
2017-06-30 18:11:33,315 [MsgSendThread.ThreadEntrance] [6] [INFO ] Start Message Send Thread...
2017-06-30 18:11:33,316 [MsgReceiveThread.ThreadEntrance] [7] [INFO ] Start Message Receive Thread...
2017-06-30 18:11:33,316 [TimeOutThread.ThreadEntrance] [8] [INFO ] Start time out check Thread...
2017-06-30 18:11:33,317 [DataRelay.ThreadEntrance] [5] [INFO ] Connect qq server success!
2017-06-30 18:11:33,325 [MsgLoopThread.ThreadEntrance] [14] [INFO ] Start Message Loop Thread...
2017-06-30 18:11:33,325 [MsgLoopThread.ThreadEntrance] [11] [INFO ] Start Message Loop Thread...
2017-06-30 18:11:33,325 [MsgLoopThread.ThreadEntrance] [13] [INFO ] Start Message Loop Thread...
2017-06-30 18:11:33,325 [MsgLoopThread.ThreadEntrance] [9] [INFO ] Start Message Loop Thread...
2017-06-30 18:11:33,325 [MsgLoopThread.ThreadEntrance] [10] [INFO ] Start Message Loop Thread...
2017-06-30 18:11:33,325 [MsgLoopThread.ThreadEntrance] [12] [INFO ] Start Message Loop Thread...
2017-06-30 18:11:33,529 [ConnectThread.ThreadEntrance] [4] [INFO ] End Connect Thread...
2017-06-30 18:11:33,529 [HeartBeatThread.ThreadEntrance] [15] [INFO ] Start HeartBeat Thread...
2017-06-30 18:11:35,077 [DataBusManager.Close] [1] [INFO ] Close
2017-06-30 18:11:35,077 [MsgReceiveThread.ThreadEntrance] [7] [INFO ] End Message Receive Thread...
2017-06-30 18:11:35,078 [MsgLoopThread.ThreadEntrance] [12] [INFO ] End Message Loop Thread...
