2017-07-04 14:32:50,716 [ClientConfig.LoadConfig] [1] [INFO ] Load Config file, cfgPath = C:\Users\tangcheng.xu\Desktop\QQDemo\bin\Debug/../config/
2017-07-04 14:32:50,726 [CommandParse.LoadCommand] [1] [INFO ] Load command file, filePath = C:\Users\tangcheng.xu\Desktop\QQDemo\bin\Debug/../config/
2017-07-04 14:32:50,727 [DataBusManager.Initialize] [1] [INFO ] Initialize, Version = 2016-02-26
2017-07-04 14:32:50,727 [ConnectThread.ThreadEntrance] [4] [INFO ] Start Connect Thread...
2017-07-04 14:32:50,728 [ConnectThread.Connect] [4] [INFO ] Connect to server, addr = 172.16.75.81 port = 4444
2017-07-04 14:32:50,728 [DataRelay.ThreadEntrance] [5] [INFO ] DataRelay Thread Start...
2017-07-04 14:32:50,728 [DataRelay.Connect] [5] [INFO ] Connect to server, addr = 140.207.123.177 port = 8080
2017-07-04 14:32:50,729 [ConnectThread.ThreadEntrance] [4] [INFO ] Connect Success!
2017-07-04 14:32:50,730 [MsgSendThread.ThreadEntrance] [6] [INFO ] Start Message Send Thread...
2017-07-04 14:32:50,730 [MsgReceiveThread.ThreadEntrance] [7] [INFO ] Start Message Receive Thread...
2017-07-04 14:32:50,730 [TimeOutThread.ThreadEntrance] [8] [INFO ] Start time out check Thread...
2017-07-04 14:32:50,732 [DataRelay.ThreadEntrance] [5] [INFO ] Connect qq server success!
2017-07-04 14:32:50,738 [MsgLoopThread.ThreadEntrance] [10] [INFO ] Start Message Loop Thread...
2017-07-04 14:32:50,738 [MsgLoopThread.ThreadEntrance] [12] [INFO ] Start Message Loop Thread...
2017-07-04 14:32:50,738 [MsgLoopThread.ThreadEntrance] [9] [INFO ] Start Message Loop Thread...
2017-07-04 14:32:50,738 [MsgLoopThread.ThreadEntrance] [13] [INFO ] Start Message Loop Thread...
2017-07-04 14:32:50,738 [MsgLoopThread.ThreadEntrance] [14] [INFO ] Start Message Loop Thread...
2017-07-04 14:32:50,738 [MsgLoopThread.ThreadEntrance] [11] [INFO ] Start Message Loop Thread...
2017-07-04 14:32:50,942 [ConnectThread.ThreadEntrance] [4] [INFO ] End Connect Thread...
2017-07-04 14:32:50,942 [HeartBeatThread.ThreadEntrance] [15] [INFO ] Start HeartBeat Thread...
2017-07-04 14:32:56,953 [DataBusManager.Close] [1] [INFO ] Close
2017-07-04 14:32:56,953 [MsgReceiveThread.ThreadEntrance] [7] [INFO ] End Message Receive Thread...
2017-07-04 14:36:25,037 [ClientConfig.LoadConfig] [9] [INFO ] Load Config file, cfgPath = C:\Users\tangcheng.xu\Desktop\QQDemo\bin\Debug/../config/
2017-07-04 14:36:25,046 [CommandParse.LoadCommand] [9] [INFO ] Load command file, filePath = C:\Users\tangcheng.xu\Desktop\QQDemo\bin\Debug/../config/
2017-07-04 14:36:25,046 [DataBusManager.Initialize] [9] [INFO ] Initialize, Version = 2016-02-26
2017-07-04 14:36:25,048 [ConnectThread.ThreadEntrance] [11] [INFO ] Start Connect Thread...
2017-07-04 14:36:25,049 [ConnectThread.Connect] [11] [INFO ] Connect to server, addr = 172.16.75.81 port = 4444
2017-07-04 14:36:25,049 [ConnectThread.ThreadEntrance] [11] [INFO ] Connect Success!
2017-07-04 14:36:25,050 [DataRelay.ThreadEntrance] [12] [INFO ] DataRelay Thread Start...
2017-07-04 14:36:27,576 [MsgReceiveThread.ThreadEntrance] [14] [INFO ] Start Message Receive Thread...
2017-07-04 14:36:27,577 [MsgSendThread.ThreadEntrance] [13] [INFO ] Start Message Send Thread...
2017-07-04 14:36:27,579 [DataRelay.Connect] [12] [INFO ] Connect to server, addr = 140.207.123.177 port = 8080
2017-07-04 14:47:49,555 [ClientConfig.LoadConfig] [9] [INFO ] Load Config file, cfgPath = C:\Users\tangcheng.xu\Desktop\QQDemo\bin\Debug/../config/
2017-07-04 14:47:49,564 [CommandParse.LoadCommand] [9] [INFO ] Load command file, filePath = C:\Users\tangcheng.xu\Desktop\QQDemo\bin\Debug/../config/
2017-07-04 14:47:49,564 [DataBusManager.Initialize] [9] [INFO ] Initialize, Version = 2016-02-26
2017-07-04 14:47:49,567 [ConnectThread.ThreadEntrance] [3] [INFO ] Start Connect Thread...
2017-07-04 14:47:49,589 [ConnectThread.Connect] [3] [INFO ] Connect to server, addr = 172.16.75.81 port = 4444
2017-07-04 14:47:49,589 [DataRelay.ThreadEntrance] [11] [INFO ] DataRelay Thread Start...
2017-07-04 14:47:49,589 [ConnectThread.ThreadEntrance] [3] [INFO ] Connect Success!
2017-07-04 14:47:50,634 [DataRelay.Connect] [11] [INFO ] Connect to server, addr = 140.207.123.177 port = 8080
2017-07-04 14:47:51,709 [MsgSendThread.ThreadEntrance] [12] [INFO ] Start Message Send Thread...
